<?xml version="1.0" encoding="UTF-8"?>
<testng-results ignored="0" total="1" passed="1" failed="0" skipped="0">
  <reporter-output>
  </reporter-output>
  <suite started-at="2023-07-03T16:37:26 IST" name="Default suite" finished-at="2023-07-03T16:37:58 IST" duration-ms="31922">
    <groups>
    </groups>
    <test started-at="2023-07-03T16:37:26 IST" name="Default test" finished-at="2023-07-03T16:37:58 IST" duration-ms="31922">
      <class name="LoginPageTest">
        <test-method is-config="true" signature="driverInitalize()[pri:0, instance:LoginPageTest@36902638]" started-at="2023-07-03T16:37:10 IST" name="driverInitalize" finished-at="2023-07-03T16:37:26 IST" duration-ms="15944" status="PASS">
          <reporter-output>
          </reporter-output>
        </test-method> <!-- driverInitalize -->
        <test-method signature="loginToApplication()[pri:0, instance:LoginPageTest@36902638]" started-at="2023-07-03T16:37:26 IST" name="loginToApplication" finished-at="2023-07-03T16:37:58 IST" duration-ms="31901" status="PASS">
          <reporter-output>
          </reporter-output>
        </test-method> <!-- loginToApplication -->
      </class> <!-- LoginPageTest -->
    </test> <!-- Default test -->
  </suite> <!-- Default suite -->
</testng-results>
